<?xml version="1.0" encoding="UTF-8"?>
<testng-results skipped="0" failed="0" ignored="0" total="1" passed="1">
  <reporter-output>
  </reporter-output>
  <suite name="Default suite" duration-ms="12807" started-at="2020-11-11T15:36:00 CST" finished-at="2020-11-11T15:36:13 CST">
    <groups>
    </groups>
    <test name="Default test" duration-ms="12807" started-at="2020-11-11T15:36:00 CST" finished-at="2020-11-11T15:36:13 CST">
      <class name="LightBeam.lightbeam">
        <test-method status="PASS" signature="init()[pri:0, instance:LightBeam.lightbeam@167fdd33]" name="init" duration-ms="12756" started-at="2020-11-11T15:36:00 CST" finished-at="2020-11-11T15:36:13 CST">
          <reporter-output>
          </reporter-output>
        </test-method> <!-- init -->
      </class> <!-- LightBeam.lightbeam -->
    </test> <!-- Default test -->
  </suite> <!-- Default suite -->
</testng-results>
